<?xml version="1.0" encoding="UTF-8"?>
<coverage generated="1545833319334" clover="3.2.0">
  <project timestamp="1545833319334" name="All files">
    <metrics statements="86" coveredstatements="42" conditionals="8" coveredconditionals="3" methods="30" coveredmethods="19" elements="124" coveredelements="64" complexity="0" loc="86" ncloc="86" packages="5" files="11" classes="11">
      <package name="src">
        <metrics statements="45" coveredstatements="24" conditionals="4" coveredconditionals="2" methods="11" coveredmethods="10"/>
        <file name="config.js" path="/Users/terminus/node-graphql/server/src/config.js">
          <metrics statements="1" coveredstatements="1" conditionals="0" coveredconditionals="0" methods="0" coveredmethods="0"/>
          <line num="1" count="3" type="stmt"/>
        </file>
        <file name="index.js" path="/Users/terminus/node-graphql/server/src/index.js">
          <metrics statements="2" coveredstatements="0" conditionals="0" coveredconditionals="0" methods="0" coveredmethods="0"/>
          <line num="1" count="0" type="stmt"/>
          <line num="3" count="0" type="stmt"/>
        </file>
        <file name="server.js" path="/Users/terminus/node-graphql/server/src/server.js">
          <metrics statements="15" coveredstatements="0" conditionals="0" coveredconditionals="0" methods="1" coveredmethods="0"/>
          <line num="1" count="0" type="stmt"/>
          <line num="2" count="0" type="stmt"/>
          <line num="3" count="0" type="stmt"/>
          <line num="4" count="0" type="stmt"/>
          <line num="5" count="0" type="stmt"/>
          <line num="6" count="0" type="stmt"/>
          <line num="7" count="0" type="stmt"/>
          <line num="9" count="0" type="stmt"/>
          <line num="11" count="0" type="stmt"/>
          <line num="12" count="0" type="stmt"/>
          <line num="18" count="0" type="stmt"/>
          <line num="20" count="0" type="stmt"/>
          <line num="25" count="0" type="stmt"/>
          <line num="26" count="0" type="stmt"/>
          <line num="27" count="0" type="stmt"/>
        </file>
        <file name="test-db-config.js" path="/Users/terminus/node-graphql/server/src/test-db-config.js">
          <metrics statements="27" coveredstatements="23" conditionals="4" coveredconditionals="2" methods="10" coveredmethods="10"/>
          <line num="9" count="3" type="stmt"/>
          <line num="12" count="3" type="stmt"/>
          <line num="13" count="4" type="stmt"/>
          <line num="17" count="3" type="stmt"/>
          <line num="18" count="14" type="stmt"/>
          <line num="19" count="14" type="stmt"/>
          <line num="20" count="14" type="cond" truecount="1" falsecount="1"/>
          <line num="21" count="14" type="stmt"/>
          <line num="25" count="3" type="stmt"/>
          <line num="26" count="7" type="stmt"/>
          <line num="29" count="14" type="stmt"/>
          <line num="32" count="7" type="cond" truecount="1" falsecount="1"/>
          <line num="33" count="7" type="stmt"/>
          <line num="34" count="7" type="stmt"/>
          <line num="41" count="7" type="stmt"/>
          <line num="42" count="14" type="stmt"/>
          <line num="44" count="0" type="stmt"/>
          <line num="45" count="0" type="stmt"/>
          <line num="46" count="0" type="stmt"/>
          <line num="49" count="0" type="stmt"/>
          <line num="51" count="7" type="stmt"/>
          <line num="55" count="3" type="stmt"/>
          <line num="56" count="7" type="stmt"/>
          <line num="57" count="7" type="stmt"/>
          <line num="58" count="7" type="stmt"/>
          <line num="60" count="3" type="stmt"/>
          <line num="61" count="3" type="stmt"/>
        </file>
      </package>
      <package name="src.db">
        <metrics statements="11" coveredstatements="8" conditionals="0" coveredconditionals="0" methods="8" coveredmethods="7"/>
        <file name="crud.js" path="/Users/terminus/node-graphql/server/src/db/crud.js">
          <metrics statements="8" coveredstatements="8" conditionals="0" coveredconditionals="0" methods="7" coveredmethods="7"/>
          <line num="4" count="3" type="stmt"/>
          <line num="5" count="7" type="stmt"/>
          <line num="8" count="1" type="stmt"/>
          <line num="13" count="1" type="stmt"/>
          <line num="18" count="1" type="stmt"/>
          <line num="23" count="1" type="stmt"/>
          <line num="28" count="1" type="stmt"/>
          <line num="32" count="1" type="stmt"/>
        </file>
        <file name="index.js" path="/Users/terminus/node-graphql/server/src/db/index.js">
          <metrics statements="3" coveredstatements="0" conditionals="0" coveredconditionals="0" methods="1" coveredmethods="0"/>
          <line num="1" count="0" type="stmt"/>
          <line num="3" count="0" type="stmt"/>
          <line num="4" count="0" type="stmt"/>
        </file>
      </package>
      <package name="src.types.animal">
        <metrics statements="10" coveredstatements="2" conditionals="0" coveredconditionals="0" methods="5" coveredmethods="0"/>
        <file name="animal.model.js" path="/Users/terminus/node-graphql/server/src/types/animal/animal.model.js">
          <metrics statements="2" coveredstatements="2" conditionals="0" coveredconditionals="0" methods="0" coveredmethods="0"/>
          <line num="3" count="3" type="stmt"/>
          <line num="25" count="3" type="stmt"/>
        </file>
        <file name="animal.resolvers.js" path="/Users/terminus/node-graphql/server/src/types/animal/animal.resolvers.js">
          <metrics statements="8" coveredstatements="0" conditionals="0" coveredconditionals="0" methods="5" coveredmethods="0"/>
          <line num="1" count="0" type="stmt"/>
          <line num="3" count="0" type="stmt"/>
          <line num="5" count="0" type="stmt"/>
          <line num="7" count="0" type="stmt"/>
          <line num="9" count="0" type="stmt"/>
          <line num="11" count="0" type="stmt"/>
          <line num="25" count="0" type="stmt"/>
          <line num="28" count="0" type="stmt"/>
        </file>
      </package>
      <package name="src.types.user">
        <metrics statements="11" coveredstatements="8" conditionals="2" coveredconditionals="1" methods="3" coveredmethods="2"/>
        <file name="user.model.js" path="/Users/terminus/node-graphql/server/src/types/user/user.model.js">
          <metrics statements="9" coveredstatements="8" conditionals="2" coveredconditionals="1" methods="2" coveredmethods="2"/>
          <line num="4" count="3" type="stmt"/>
          <line num="6" count="3" type="stmt"/>
          <line num="26" count="3" type="stmt"/>
          <line num="27" count="1" type="cond" truecount="1" falsecount="1"/>
          <line num="28" count="0" type="stmt"/>
          <line num="31" count="1" type="stmt"/>
          <line num="32" count="1" type="stmt"/>
          <line num="33" count="1" type="stmt"/>
          <line num="37" count="3" type="stmt"/>
        </file>
        <file name="user.resolvers.js" path="/Users/terminus/node-graphql/server/src/types/user/user.resolvers.js">
          <metrics statements="2" coveredstatements="0" conditionals="0" coveredconditionals="0" methods="1" coveredmethods="0"/>
          <line num="1" count="0" type="stmt"/>
          <line num="3" count="0" type="stmt"/>
        </file>
      </package>
      <package name="src.utils">
        <metrics statements="9" coveredstatements="0" conditionals="2" coveredconditionals="0" methods="3" coveredmethods="0"/>
        <file name="index.js" path="/Users/terminus/node-graphql/server/src/utils/index.js">
          <metrics statements="9" coveredstatements="0" conditionals="2" coveredconditionals="0" methods="3" coveredmethods="0"/>
          <line num="1" count="0" type="stmt"/>
          <line num="2" count="0" type="stmt"/>
          <line num="4" count="0" type="stmt"/>
          <line num="5" count="0" type="stmt"/>
          <line num="6" count="0" type="stmt"/>
          <line num="7" count="0" type="stmt"/>
          <line num="8" count="0" type="cond" truecount="0" falsecount="2"/>
          <line num="9" count="0" type="stmt"/>
          <line num="12" count="0" type="stmt"/>
        </file>
      </package>
    </metrics>
  </project>
</coverage>
