{"/Users/terminus/node-graphql/server/dist/config.js": {"path":"/Users/terminus/node-graphql/server/dist/config.js","statementMap":{"0":{"start":{"line":3,"column":0},"end":{"line":null,"column":-1}},"1":{"start":{"line":6,"column":0},"end":{"line":null,"column":-1}},"2":{"start":{"line":7,"column":15},"end":{"line":7,"column":0}},"3":{"start":{"line":11,"column":15},"end":{"line":11,"column":0}},"4":{"start":{"line":12,"column":0},"end":{"line":null,"column":-1}}},"fnMap":{},"branchMap":{},"s":{"0":0,"1":0,"2":0,"3":0,"4":0},"f":{},"b":{}}
,"/Users/terminus/node-graphql/server/dist/index.js": {"path":"/Users/terminus/node-graphql/server/dist/index.js","statementMap":{"0":{"start":{"line":3,"column":14},"end":{"line":3,"column":0}},"1":{"start":{"line":5,"column":0},"end":{"line":null,"column":-1}}},"fnMap":{},"branchMap":{},"s":{"0":0,"1":0},"f":{},"b":{}}
,"/Users/terminus/node-graphql/server/dist/server.js": {"path":"/Users/terminus/node-graphql/server/dist/server.js","statementMap":{"0":{"start":{"line":3,"column":0},"end":{"line":null,"column":-1}},"1":{"start":{"line":6,"column":0},"end":{"line":null,"column":-1}},"2":{"start":{"line":8,"column":20},"end":{"line":8,"column":0}},"3":{"start":{"line":10,"column":14},"end":{"line":10,"column":0}},"4":{"start":{"line":12,"column":13},"end":{"line":12,"column":0}},"5":{"start":{"line":14,"column":14},"end":{"line":14,"column":0}},"6":{"start":{"line":16,"column":13},"end":{"line":16,"column":0}},"7":{"start":{"line":18,"column":14},"end":{"line":18,"column":0}},"8":{"start":{"line":20,"column":12},"end":{"line":20,"column":0}},"9":{"start":{"line":22,"column":39},"end":{"line":null,"column":-1}},"10":{"start":{"line":24,"column":14},"end":{"line":24,"column":0}},"11":{"start":{"line":26,"column":14},"end":{"line":26,"column":0}},"12":{"start":{"line":27,"column":22},"end":{"line":27,"column":2}},"13":{"start":{"line":33,"column":22},"end":{"line":33,"column":2}},"14":{"start":{"line":34,"column":17},"end":{"line":34,"column":2}},"15":{"start":{"line":38,"column":2},"end":{"line":null,"column":-1}},"16":{"start":{"line":41,"column":6},"end":{"line":39,"column":2}},"17":{"start":{"line":44,"column":2},"end":{"line":null,"column":-1}},"18":{"start":{"line":47,"column":0},"end":{"line":null,"column":-1}}},"fnMap":{"0":{"name":"_interopRequireDefault","decl":{"start":{"line":22,"column":9},"end":{"line":22,"column":0}},"loc":{"start":{"line":22,"column":37},"end":{"line":22,"column":95}}},"1":{"name":"(anonymous_1)","decl":{"start":{"line":26,"column":14},"end":{"line":26,"column":25}},"loc":{"start":{"line":26,"column":26},"end":{"line":26,"column":0}}}},"branchMap":{"0":{"loc":{"start":{"line":22,"column":70},"end":{"line":22,"column":46}},"type":"cond-expr","locations":[{"start":{"line":22,"column":70},"end":{"line":22,"column":46}},{"start":{"line":22,"column":76},"end":{"line":22,"column":39}}]},"1":{"loc":{"start":{"line":22,"column":46},"end":{"line":22,"column":49}},"type":"binary-expr","locations":[{"start":{"line":22,"column":46},"end":{"line":22,"column":49}},{"start":{"line":22,"column":53},"end":{"line":22,"column":46}}]}},"s":{"0":0,"1":0,"2":0,"3":0,"4":0,"5":0,"6":0,"7":0,"8":0,"9":0,"10":0,"11":0,"12":0,"13":0,"14":0,"15":0,"16":0,"17":0,"18":0},"f":{"0":0,"1":0},"b":{"0":[0,0],"1":[0,0]}}
,"/Users/terminus/node-graphql/server/dist/test-db-config.js": {"path":"/Users/terminus/node-graphql/server/dist/test-db-config.js","statementMap":{"0":{"start":{"line":3,"column":12},"end":{"line":3,"column":0}},"1":{"start":{"line":5,"column":14},"end":{"line":5,"column":0}},"2":{"start":{"line":7,"column":14},"end":{"line":7,"column":0}},"3":{"start":{"line":9,"column":12},"end":{"line":9,"column":0}},"4":{"start":{"line":11,"column":14},"end":{"line":11,"column":0}},"5":{"start":{"line":13,"column":39},"end":{"line":null,"column":-1}},"6":{"start":{"line":16,"column":15},"end":{"line":16,"column":0}},"7":{"start":{"line":23,"column":2},"end":{"line":null,"column":-1}},"8":{"start":{"line":27,"column":15},"end":{"line":27,"column":0}},"9":{"start":{"line":27,"column":29},"end":{"line":27,"column":0}},"10":{"start":{"line":28,"column":2},"end":{"line":null,"column":-1}},"11":{"start":{"line":29,"column":4},"end":{"line":29,"column":13}},"12":{"start":{"line":29,"column":13},"end":{"line":null,"column":-1}},"13":{"start":{"line":30,"column":4},"end":{"line":30,"column":11}},"14":{"start":{"line":35,"column":13},"end":{"line":35,"column":2}},"15":{"start":{"line":38,"column":4},"end":{"line":null,"column":-1}},"16":{"start":{"line":38,"column":81},"end":{"line":38,"column":23}},"17":{"start":{"line":42,"column":2},"end":{"line":57,"column":3}},"18":{"start":{"line":43,"column":4},"end":{"line":54,"column":5}},"19":{"start":{"line":44,"column":6},"end":{"line":null,"column":-1}},"20":{"start":{"line":48,"column":6},"end":{"line":null,"column":-1}},"21":{"start":{"line":49,"column":6},"end":{"line":null,"column":-1}},"22":{"start":{"line":49,"column":56},"end":{"line":49,"column":24}},"23":{"start":{"line":51,"column":6},"end":{"line":null,"column":-1}},"24":{"start":{"line":52,"column":6},"end":{"line":null,"column":-1}},"25":{"start":{"line":53,"column":6},"end":{"line":null,"column":-1}},"26":{"start":{"line":56,"column":4},"end":{"line":null,"column":-1}},"27":{"start":{"line":59,"column":2},"end":{"line":59,"column":6}},"28":{"start":{"line":62,"column":0},"end":{"line":null,"column":-1}},"29":{"start":{"line":63,"column":2},"end":{"line":null,"column":-1}},"30":{"start":{"line":64,"column":2},"end":{"line":null,"column":-1}},"31":{"start":{"line":65,"column":2},"end":{"line":null,"column":-1}},"32":{"start":{"line":67,"column":0},"end":{"line":null,"column":-1}},"33":{"start":{"line":68,"column":2},"end":{"line":null,"column":-1}}},"fnMap":{"0":{"name":"(anonymous_1)","decl":{"start":{"line":22,"column":15},"end":{"line":22,"column":20}},"loc":{"start":{"line":22,"column":21},"end":{"line":22,"column":0}}},"1":{"name":"(anonymous_2)","decl":{"start":{"line":27,"column":15},"end":{"line":27,"column":24}},"loc":{"start":{"line":27,"column":29},"end":{"line":27,"column":0}}},"2":{"name":"(anonymous_3)","decl":{"start":{"line":27,"column":41},"end":{"line":27,"column":42}},"loc":{"start":{"line":27,"column":62},"end":{"line":27,"column":29}}},"3":{"name":"(anonymous_4)","decl":{"start":{"line":28,"column":20},"end":{"line":28,"column":22}},"loc":{"start":{"line":28,"column":27},"end":{"line":28,"column":2}}},"4":{"name":"(anonymous_5)","decl":{"start":{"line":34,"column":11},"end":{"line":34,"column":16}},"loc":{"start":{"line":34,"column":25},"end":{"line":34,"column":10}}},"5":{"name":"clearDB","decl":{"start":{"line":37,"column":11},"end":{"line":37,"column":2}},"loc":{"start":{"line":37,"column":21},"end":{"line":34,"column":25}}},"6":{"name":"(anonymous_7)","decl":{"start":{"line":38,"column":76},"end":{"line":38,"column":77}},"loc":{"start":{"line":38,"column":81},"end":{"line":38,"column":23}}},"7":{"name":"(anonymous_8)","decl":{"start":{"line":49,"column":48},"end":{"line":49,"column":51}},"loc":{"start":{"line":49,"column":56},"end":{"line":49,"column":24}}},"8":{"name":"(anonymous_9)","decl":{"start":{"line":62,"column":10},"end":{"line":62,"column":15}},"loc":{"start":{"line":62,"column":24},"end":{"line":62,"column":9}}},"9":{"name":"(anonymous_10)","decl":{"start":{"line":67,"column":9},"end":{"line":67,"column":12}},"loc":{"start":{"line":67,"column":17},"end":{"line":67,"column":8}}}},"branchMap":{"0":{"loc":{"start":{"line":13,"column":70},"end":{"line":13,"column":46}},"type":"cond-expr","locations":[{"start":{"line":13,"column":70},"end":{"line":13,"column":46}},{"start":{"line":13,"column":76},"end":{"line":13,"column":39}}]},"1":{"loc":{"start":{"line":13,"column":46},"end":{"line":13,"column":49}},"type":"binary-expr","locations":[{"start":{"line":13,"column":46},"end":{"line":13,"column":49}},{"start":{"line":13,"column":53},"end":{"line":13,"column":46}}]},"2":{"loc":{"start":{"line":29,"column":4},"end":{"line":29,"column":13}},"type":"if","locations":[{"start":{"line":29,"column":4},"end":{"line":29,"column":13}},{"start":{"line":29,"column":4},"end":{"line":29,"column":13}}]},"3":{"loc":{"start":{"line":42,"column":2},"end":{"line":57,"column":3}},"type":"if","locations":[{"start":{"line":42,"column":2},"end":{"line":57,"column":3}},{"start":{"line":42,"column":2},"end":{"line":57,"column":3}}]}},"s":{"0":0,"1":0,"2":0,"3":0,"4":0,"5":0,"6":0,"7":0,"8":0,"9":0,"10":0,"11":0,"12":0,"13":0,"14":0,"15":0,"16":0,"17":0,"18":0,"19":0,"20":0,"21":0,"22":0,"23":0,"24":0,"25":0,"26":0,"27":0,"28":0,"29":0,"30":0,"31":0,"32":0,"33":0},"f":{"0":0,"1":0,"2":0,"3":0,"4":0,"5":0,"6":0,"7":0,"8":0,"9":0},"b":{"0":[0,0],"1":[0,0],"2":[0,0],"3":[0,0]}}
,"/Users/terminus/node-graphql/server/dist/db/crud.js": {"path":"/Users/terminus/node-graphql/server/dist/db/crud.js","statementMap":{"0":{"start":{"line":3,"column":0},"end":{"line":null,"column":-1}},"1":{"start":{"line":6,"column":0},"end":{"line":null,"column":-1}},"2":{"start":{"line":8,"column":14},"end":{"line":8,"column":0}},"3":{"start":{"line":10,"column":12},"end":{"line":10,"column":0}},"4":{"start":{"line":12,"column":39},"end":{"line":null,"column":-1}},"5":{"start":{"line":14,"column":11},"end":{"line":14,"column":0}},"6":{"start":{"line":16,"column":4},"end":{"line":null,"column":-1}},"7":{"start":{"line":18,"column":24},"end":{"line":14,"column":11}},"8":{"start":{"line":20,"column":4},"end":{"line":null,"column":-1}},"9":{"start":{"line":25,"column":4},"end":{"line":null,"column":-1}},"10":{"start":{"line":28,"column":4},"end":{"line":null,"column":-1}},"11":{"start":{"line":33,"column":4},"end":{"line":null,"column":-1}},"12":{"start":{"line":36,"column":4},"end":{"line":null,"column":-1}},"13":{"start":{"line":39,"column":15},"end":{"line":39,"column":0}},"14":{"start":{"line":40,"column":0},"end":{"line":null,"column":-1}}},"fnMap":{"0":{"name":"_interopRequireDefault","decl":{"start":{"line":12,"column":9},"end":{"line":12,"column":0}},"loc":{"start":{"line":12,"column":37},"end":{"line":12,"column":95}}},"1":{"name":"(anonymous_1)","decl":{"start":{"line":15,"column":16},"end":{"line":15,"column":21}},"loc":{"start":{"line":15,"column":26},"end":{"line":14,"column":11}}},"2":{"name":"(anonymous_2)","decl":{"start":{"line":18,"column":18},"end":{"line":18,"column":23}},"loc":{"start":{"line":18,"column":24},"end":{"line":14,"column":11}}},"3":{"name":"(anonymous_3)","decl":{"start":{"line":19,"column":21},"end":{"line":19,"column":22}},"loc":{"start":{"line":19,"column":39},"end":{"line":14,"column":11}}},"4":{"name":"(anonymous_4)","decl":{"start":{"line":24,"column":18},"end":{"line":24,"column":19}},"loc":{"start":{"line":24,"column":24},"end":{"line":14,"column":11}}},"5":{"name":"(anonymous_5)","decl":{"start":{"line":27,"column":27},"end":{"line":27,"column":28}},"loc":{"start":{"line":27,"column":50},"end":{"line":14,"column":11}}},"6":{"name":"(anonymous_6)","decl":{"start":{"line":32,"column":20},"end":{"line":32,"column":21}},"loc":{"start":{"line":32,"column":26},"end":{"line":14,"column":11}}},"7":{"name":"(anonymous_7)","decl":{"start":{"line":35,"column":14},"end":{"line":35,"column":17}},"loc":{"start":{"line":35,"column":22},"end":{"line":37,"column":3}}}},"branchMap":{"0":{"loc":{"start":{"line":12,"column":70},"end":{"line":12,"column":46}},"type":"cond-expr","locations":[{"start":{"line":12,"column":70},"end":{"line":12,"column":46}},{"start":{"line":12,"column":76},"end":{"line":12,"column":39}}]},"1":{"loc":{"start":{"line":12,"column":46},"end":{"line":12,"column":49}},"type":"binary-expr","locations":[{"start":{"line":12,"column":46},"end":{"line":12,"column":49}},{"start":{"line":12,"column":53},"end":{"line":12,"column":46}}]}},"s":{"0":0,"1":0,"2":0,"3":0,"4":0,"5":0,"6":0,"7":0,"8":0,"9":0,"10":0,"11":0,"12":0,"13":0,"14":0},"f":{"0":0,"1":0,"2":0,"3":0,"4":0,"5":0,"6":0,"7":0},"b":{"0":[0,0],"1":[0,0]}}
,"/Users/terminus/node-graphql/server/dist/db/index.js": {"path":"/Users/terminus/node-graphql/server/dist/db/index.js","statementMap":{"0":{"start":{"line":3,"column":0},"end":{"line":null,"column":-1}},"1":{"start":{"line":6,"column":0},"end":{"line":null,"column":-1}},"2":{"start":{"line":8,"column":16},"end":{"line":8,"column":0}},"3":{"start":{"line":10,"column":39},"end":{"line":null,"column":-1}},"4":{"start":{"line":12,"column":16},"end":{"line":12,"column":0}},"5":{"start":{"line":13,"column":2},"end":{"line":null,"column":-1}},"6":{"start":{"line":16,"column":15},"end":{"line":16,"column":0}},"7":{"start":{"line":17,"column":0},"end":{"line":null,"column":-1}}},"fnMap":{"0":{"name":"_interopRequireDefault","decl":{"start":{"line":10,"column":9},"end":{"line":10,"column":0}},"loc":{"start":{"line":10,"column":37},"end":{"line":10,"column":95}}},"1":{"name":"(anonymous_1)","decl":{"start":{"line":12,"column":16},"end":{"line":12,"column":21}},"loc":{"start":{"line":12,"column":22},"end":{"line":12,"column":0}}}},"branchMap":{"0":{"loc":{"start":{"line":10,"column":70},"end":{"line":10,"column":46}},"type":"cond-expr","locations":[{"start":{"line":10,"column":70},"end":{"line":10,"column":46}},{"start":{"line":10,"column":76},"end":{"line":10,"column":39}}]},"1":{"loc":{"start":{"line":10,"column":46},"end":{"line":10,"column":49}},"type":"binary-expr","locations":[{"start":{"line":10,"column":46},"end":{"line":10,"column":49}},{"start":{"line":10,"column":53},"end":{"line":10,"column":46}}]}},"s":{"0":0,"1":0,"2":0,"3":0,"4":0,"5":0,"6":0,"7":0},"f":{"0":0,"1":0},"b":{"0":[0,0],"1":[0,0]}}
,"/Users/terminus/node-graphql/server/dist/types/animal/animal.model.js": {"path":"/Users/terminus/node-graphql/server/dist/types/animal/animal.model.js","statementMap":{"0":{"start":{"line":3,"column":0},"end":{"line":null,"column":-1}},"1":{"start":{"line":6,"column":0},"end":{"line":null,"column":-1}},"2":{"start":{"line":8,"column":16},"end":{"line":8,"column":0}},"3":{"start":{"line":10,"column":39},"end":{"line":null,"column":-1}},"4":{"start":{"line":12,"column":15},"end":{"line":12,"column":0}},"5":{"start":{"line":33,"column":15},"end":{"line":33,"column":0}},"6":{"start":{"line":35,"column":15},"end":{"line":35,"column":0}},"7":{"start":{"line":36,"column":0},"end":{"line":null,"column":-1}}},"fnMap":{"0":{"name":"_interopRequireDefault","decl":{"start":{"line":10,"column":9},"end":{"line":10,"column":0}},"loc":{"start":{"line":10,"column":37},"end":{"line":10,"column":95}}}},"branchMap":{"0":{"loc":{"start":{"line":10,"column":70},"end":{"line":10,"column":46}},"type":"cond-expr","locations":[{"start":{"line":10,"column":70},"end":{"line":10,"column":46}},{"start":{"line":10,"column":76},"end":{"line":10,"column":39}}]},"1":{"loc":{"start":{"line":10,"column":46},"end":{"line":10,"column":49}},"type":"binary-expr","locations":[{"start":{"line":10,"column":46},"end":{"line":10,"column":49}},{"start":{"line":10,"column":53},"end":{"line":10,"column":46}}]}},"s":{"0":0,"1":0,"2":0,"3":0,"4":0,"5":0,"6":0,"7":0},"f":{"0":0},"b":{"0":[0,0],"1":[0,0]}}
,"/Users/terminus/node-graphql/server/dist/types/animal/animal.resolvers.js": {"path":"/Users/terminus/node-graphql/server/dist/types/animal/animal.resolvers.js","statementMap":{"0":{"start":{"line":3,"column":0},"end":{"line":null,"column":-1}},"1":{"start":{"line":6,"column":0},"end":{"line":null,"column":-1}},"2":{"start":{"line":8,"column":12},"end":{"line":8,"column":0}},"3":{"start":{"line":10,"column":39},"end":{"line":null,"column":-1}},"4":{"start":{"line":12,"column":16},"end":{"line":12,"column":0}},"5":{"start":{"line":12,"column":28},"end":{"line":12,"column":0}},"6":{"start":{"line":14,"column":0},"end":{"line":null,"column":-1}},"7":{"start":{"line":16,"column":15},"end":{"line":16,"column":0}},"8":{"start":{"line":16,"column":34},"end":{"line":16,"column":0}},"9":{"start":{"line":18,"column":0},"end":{"line":null,"column":-1}},"10":{"start":{"line":20,"column":21},"end":{"line":20,"column":0}},"11":{"start":{"line":20,"column":40},"end":{"line":20,"column":0}},"12":{"start":{"line":22,"column":0},"end":{"line":null,"column":-1}},"13":{"start":{"line":24,"column":21},"end":{"line":24,"column":0}},"14":{"start":{"line":24,"column":40},"end":{"line":24,"column":0}},"15":{"start":{"line":26,"column":0},"end":{"line":null,"column":-1}},"16":{"start":{"line":28,"column":21},"end":{"line":28,"column":0}},"17":{"start":{"line":28,"column":40},"end":{"line":28,"column":0}},"18":{"start":{"line":30,"column":0},"end":{"line":null,"column":-1}},"19":{"start":{"line":31,"column":15},"end":{"line":31,"column":0}},"20":{"start":{"line":43,"column":6},"end":{"line":null,"column":-1}},"21":{"start":{"line":47,"column":6},"end":{"line":null,"column":-1}},"22":{"start":{"line":52,"column":0},"end":{"line":null,"column":-1}}},"fnMap":{"0":{"name":"_interopRequireDefault","decl":{"start":{"line":10,"column":9},"end":{"line":10,"column":0}},"loc":{"start":{"line":10,"column":37},"end":{"line":10,"column":95}}},"1":{"name":"(anonymous_1)","decl":{"start":{"line":12,"column":16},"end":{"line":12,"column":27}},"loc":{"start":{"line":12,"column":28},"end":{"line":12,"column":0}}},"2":{"name":"(anonymous_2)","decl":{"start":{"line":16,"column":15},"end":{"line":16,"column":21}},"loc":{"start":{"line":16,"column":34},"end":{"line":16,"column":0}}},"3":{"name":"(anonymous_3)","decl":{"start":{"line":20,"column":21},"end":{"line":20,"column":27}},"loc":{"start":{"line":20,"column":40},"end":{"line":20,"column":0}}},"4":{"name":"(anonymous_4)","decl":{"start":{"line":24,"column":21},"end":{"line":24,"column":27}},"loc":{"start":{"line":24,"column":40},"end":{"line":24,"column":0}}},"5":{"name":"(anonymous_5)","decl":{"start":{"line":28,"column":21},"end":{"line":28,"column":27}},"loc":{"start":{"line":28,"column":40},"end":{"line":28,"column":0}}}},"branchMap":{"0":{"loc":{"start":{"line":10,"column":70},"end":{"line":10,"column":46}},"type":"cond-expr","locations":[{"start":{"line":10,"column":70},"end":{"line":10,"column":46}},{"start":{"line":10,"column":76},"end":{"line":10,"column":39}}]},"1":{"loc":{"start":{"line":10,"column":46},"end":{"line":10,"column":49}},"type":"binary-expr","locations":[{"start":{"line":10,"column":46},"end":{"line":10,"column":49}},{"start":{"line":10,"column":53},"end":{"line":10,"column":46}}]}},"s":{"0":0,"1":0,"2":0,"3":0,"4":0,"5":0,"6":0,"7":0,"8":0,"9":0,"10":0,"11":0,"12":0,"13":0,"14":0,"15":0,"16":0,"17":0,"18":0,"19":0,"20":0,"21":0,"22":0},"f":{"0":0,"1":0,"2":0,"3":0,"4":0,"5":0},"b":{"0":[0,0],"1":[0,0]}}
,"/Users/terminus/node-graphql/server/dist/types/user/user.model.js": {"path":"/Users/terminus/node-graphql/server/dist/types/user/user.model.js","statementMap":{"0":{"start":{"line":3,"column":0},"end":{"line":null,"column":-1}},"1":{"start":{"line":6,"column":0},"end":{"line":null,"column":-1}},"2":{"start":{"line":8,"column":16},"end":{"line":8,"column":0}},"3":{"start":{"line":10,"column":14},"end":{"line":10,"column":0}},"4":{"start":{"line":12,"column":39},"end":{"line":null,"column":-1}},"5":{"start":{"line":14,"column":14},"end":{"line":14,"column":0}},"6":{"start":{"line":18,"column":0},"end":{"line":null,"column":-1}},"7":{"start":{"line":20,"column":19},"end":{"line":20,"column":0}},"8":{"start":{"line":39,"column":0},"end":{"line":null,"column":-1}},"9":{"start":{"line":40,"column":0},"end":{"line":null,"column":-1}},"10":{"start":{"line":41,"column":2},"end":{"line":43,"column":3}},"11":{"start":{"line":42,"column":4},"end":{"line":42,"column":8}},"12":{"start":{"line":45,"column":2},"end":{"line":null,"column":-1}},"13":{"start":{"line":46,"column":4},"end":{"line":null,"column":-1}},"14":{"start":{"line":47,"column":4},"end":{"line":47,"column":8}},"15":{"start":{"line":51,"column":13},"end":{"line":51,"column":0}},"16":{"start":{"line":53,"column":15},"end":{"line":53,"column":0}},"17":{"start":{"line":54,"column":0},"end":{"line":null,"column":-1}}},"fnMap":{"0":{"name":"_interopRequireDefault","decl":{"start":{"line":12,"column":9},"end":{"line":12,"column":0}},"loc":{"start":{"line":12,"column":37},"end":{"line":12,"column":95}}},"1":{"name":"(anonymous_1)","decl":{"start":{"line":40,"column":23},"end":{"line":40,"column":32}},"loc":{"start":{"line":40,"column":39},"end":{"line":40,"column":0}}},"2":{"name":"(anonymous_2)","decl":{"start":{"line":45,"column":41},"end":{"line":45,"column":42}},"loc":{"start":{"line":45,"column":56},"end":{"line":45,"column":2}}}},"branchMap":{"0":{"loc":{"start":{"line":12,"column":70},"end":{"line":12,"column":46}},"type":"cond-expr","locations":[{"start":{"line":12,"column":70},"end":{"line":12,"column":46}},{"start":{"line":12,"column":76},"end":{"line":12,"column":39}}]},"1":{"loc":{"start":{"line":12,"column":46},"end":{"line":12,"column":49}},"type":"binary-expr","locations":[{"start":{"line":12,"column":46},"end":{"line":12,"column":49}},{"start":{"line":12,"column":53},"end":{"line":12,"column":46}}]},"2":{"loc":{"start":{"line":41,"column":2},"end":{"line":43,"column":3}},"type":"if","locations":[{"start":{"line":41,"column":2},"end":{"line":43,"column":3}},{"start":{"line":41,"column":2},"end":{"line":43,"column":3}}]}},"s":{"0":0,"1":0,"2":0,"3":0,"4":0,"5":0,"6":0,"7":0,"8":0,"9":0,"10":0,"11":0,"12":0,"13":0,"14":0,"15":0,"16":0,"17":0},"f":{"0":0,"1":0,"2":0},"b":{"0":[0,0],"1":[0,0],"2":[0,0]}}
,"/Users/terminus/node-graphql/server/dist/types/user/user.resolvers.js": {"path":"/Users/terminus/node-graphql/server/dist/types/user/user.resolvers.js","statementMap":{"0":{"start":{"line":3,"column":0},"end":{"line":null,"column":-1}},"1":{"start":{"line":6,"column":0},"end":{"line":null,"column":-1}},"2":{"start":{"line":8,"column":12},"end":{"line":8,"column":0}},"3":{"start":{"line":10,"column":39},"end":{"line":null,"column":-1}},"4":{"start":{"line":12,"column":19},"end":{"line":12,"column":0}},"5":{"start":{"line":12,"column":38},"end":{"line":12,"column":0}},"6":{"start":{"line":14,"column":0},"end":{"line":null,"column":-1}},"7":{"start":{"line":15,"column":15},"end":{"line":15,"column":0}},"8":{"start":{"line":20,"column":0},"end":{"line":null,"column":-1}}},"fnMap":{"0":{"name":"_interopRequireDefault","decl":{"start":{"line":10,"column":9},"end":{"line":10,"column":0}},"loc":{"start":{"line":10,"column":37},"end":{"line":10,"column":95}}},"1":{"name":"(anonymous_1)","decl":{"start":{"line":12,"column":19},"end":{"line":12,"column":25}},"loc":{"start":{"line":12,"column":38},"end":{"line":12,"column":0}}}},"branchMap":{"0":{"loc":{"start":{"line":10,"column":70},"end":{"line":10,"column":46}},"type":"cond-expr","locations":[{"start":{"line":10,"column":70},"end":{"line":10,"column":46}},{"start":{"line":10,"column":76},"end":{"line":10,"column":39}}]},"1":{"loc":{"start":{"line":10,"column":46},"end":{"line":10,"column":49}},"type":"binary-expr","locations":[{"start":{"line":10,"column":46},"end":{"line":10,"column":49}},{"start":{"line":10,"column":53},"end":{"line":10,"column":46}}]}},"s":{"0":0,"1":0,"2":0,"3":0,"4":0,"5":0,"6":0,"7":0,"8":0},"f":{"0":0,"1":0},"b":{"0":[0,0],"1":[0,0]}}
,"/Users/terminus/node-graphql/server/dist/utils/index.js": {"path":"/Users/terminus/node-graphql/server/dist/utils/index.js","statementMap":{"0":{"start":{"line":3,"column":0},"end":{"line":null,"column":-1}},"1":{"start":{"line":6,"column":0},"end":{"line":null,"column":-1}},"2":{"start":{"line":8,"column":10},"end":{"line":8,"column":0}},"3":{"start":{"line":10,"column":12},"end":{"line":10,"column":0}},"4":{"start":{"line":12,"column":39},"end":{"line":null,"column":-1}},"5":{"start":{"line":14,"column":23},"end":{"line":14,"column":0}},"6":{"start":{"line":14,"column":31},"end":{"line":14,"column":0}},"7":{"start":{"line":15,"column":23},"end":{"line":15,"column":2}},"8":{"start":{"line":17,"column":2},"end":{"line":null,"column":-1}},"9":{"start":{"line":20,"column":4},"end":{"line":22,"column":5}},"10":{"start":{"line":21,"column":6},"end":{"line":null,"column":-1}},"11":{"start":{"line":24,"column":4},"end":{"line":null,"column":-1}},"12":{"start":{"line":28,"column":0},"end":{"line":null,"column":-1}}},"fnMap":{"0":{"name":"_interopRequireDefault","decl":{"start":{"line":12,"column":9},"end":{"line":12,"column":0}},"loc":{"start":{"line":12,"column":37},"end":{"line":12,"column":95}}},"1":{"name":"(anonymous_1)","decl":{"start":{"line":14,"column":23},"end":{"line":14,"column":26}},"loc":{"start":{"line":14,"column":31},"end":{"line":14,"column":0}}},"2":{"name":"(anonymous_2)","decl":{"start":{"line":14,"column":43},"end":{"line":14,"column":44}},"loc":{"start":{"line":14,"column":64},"end":{"line":14,"column":31}}},"3":{"name":"(anonymous_3)","decl":{"start":{"line":19,"column":5},"end":{"line":19,"column":6}},"loc":{"start":{"line":19,"column":22},"end":{"line":17,"column":2}}}},"branchMap":{"0":{"loc":{"start":{"line":12,"column":70},"end":{"line":12,"column":46}},"type":"cond-expr","locations":[{"start":{"line":12,"column":70},"end":{"line":12,"column":46}},{"start":{"line":12,"column":76},"end":{"line":12,"column":39}}]},"1":{"loc":{"start":{"line":12,"column":46},"end":{"line":12,"column":49}},"type":"binary-expr","locations":[{"start":{"line":12,"column":46},"end":{"line":12,"column":49}},{"start":{"line":12,"column":53},"end":{"line":12,"column":46}}]},"2":{"loc":{"start":{"line":20,"column":4},"end":{"line":22,"column":5}},"type":"if","locations":[{"start":{"line":20,"column":4},"end":{"line":22,"column":5}},{"start":{"line":20,"column":4},"end":{"line":22,"column":5}}]}},"s":{"0":0,"1":0,"2":0,"3":0,"4":0,"5":0,"6":0,"7":0,"8":0,"9":0,"10":0,"11":0,"12":0},"f":{"0":0,"1":0,"2":0,"3":0},"b":{"0":[0,0],"1":[0,0],"2":[0,0]}}
}
