{"/Users/terminus/node-graphql/server/src/config.js": {"path":"/Users/terminus/node-graphql/server/src/config.js","statementMap":{"0":{"start":{"line":1,"column":15},"end":{"line":4,"column":1}}},"fnMap":{},"branchMap":{},"s":{"0":3},"f":{},"b":{},"_coverageSchema":"332fd63041d2c1bcb487cc26dd0d5f7d97098a6c","hash":"f34276d1896397e40aca113b1adf7d57814acb8a"}
,"/Users/terminus/node-graphql/server/src/index.js": {"path":"/Users/terminus/node-graphql/server/src/index.js","statementMap":{"0":{"start":{"line":1,"column":0},"end":{"line":null,"column":-1}},"1":{"start":{"line":3,"column":0},"end":{"line":null,"column":-1}}},"fnMap":{},"branchMap":{},"s":{"0":0,"1":0},"f":{},"b":{}}
,"/Users/terminus/node-graphql/server/src/server.js": {"path":"/Users/terminus/node-graphql/server/src/server.js","statementMap":{"0":{"start":{"line":1,"column":0},"end":{"line":null,"column":-1}},"1":{"start":{"line":2,"column":0},"end":{"line":null,"column":-1}},"2":{"start":{"line":3,"column":0},"end":{"line":null,"column":-1}},"3":{"start":{"line":4,"column":0},"end":{"line":null,"column":-1}},"4":{"start":{"line":5,"column":0},"end":{"line":null,"column":-1}},"5":{"start":{"line":6,"column":0},"end":{"line":null,"column":-1}},"6":{"start":{"line":7,"column":0},"end":{"line":null,"column":-1}},"7":{"start":{"line":9,"column":14},"end":{"line":9,"column":0}},"8":{"start":{"line":11,"column":21},"end":{"line":11,"column":7}},"9":{"start":{"line":12,"column":22},"end":{"line":12,"column":2}},"10":{"start":{"line":18,"column":22},"end":{"line":18,"column":2}},"11":{"start":{"line":20,"column":17},"end":{"line":20,"column":2}},"12":{"start":{"line":25,"column":2},"end":{"line":null,"column":-1}},"13":{"start":{"line":26,"column":18},"end":{"line":26,"column":2}},"14":{"start":{"line":27,"column":2},"end":{"line":null,"column":-1}}},"fnMap":{"0":{"name":"(anonymous_1)","decl":{"start":{"line":11,"column":21},"end":{"line":11,"column":32}},"loc":{"start":{"line":11,"column":33},"end":{"line":11,"column":7}}}},"branchMap":{},"s":{"0":0,"1":0,"2":0,"3":0,"4":0,"5":0,"6":0,"7":0,"8":0,"9":0,"10":0,"11":0,"12":0,"13":0,"14":0},"f":{"0":0},"b":{}}
,"/Users/terminus/node-graphql/server/src/test-db-config.js": {"path":"/Users/terminus/node-graphql/server/src/test-db-config.js","statementMap":{"0":{"start":{"line":9,"column":15},"end":{"line":9,"column":32}},"1":{"start":{"line":12,"column":0},"end":{"line":14,"column":1}},"2":{"start":{"line":13,"column":2},"end":{"line":13,"column":34}},"3":{"start":{"line":17,"column":15},"end":{"line":23,"column":4}},"4":{"start":{"line":18,"column":2},"end":{"line":23,"column":4}},"5":{"start":{"line":19,"column":4},"end":{"line":22,"column":6}},"6":{"start":{"line":20,"column":6},"end":{"line":20,"column":33}},"7":{"start":{"line":20,"column":15},"end":{"line":20,"column":33}},"8":{"start":{"line":21,"column":6},"end":{"line":21,"column":15}},"9":{"start":{"line":25,"column":0},"end":{"line":52,"column":2}},"10":{"start":{"line":26,"column":13},"end":{"line":26,"column":19}},"11":{"start":{"line":29,"column":4},"end":{"line":29,"column":78}},"12":{"start":{"line":29,"column":67},"end":{"line":29,"column":76}},"13":{"start":{"line":32,"column":2},"end":{"line":50,"column":3}},"14":{"start":{"line":33,"column":4},"end":{"line":47,"column":5}},"15":{"start":{"line":34,"column":6},"end":{"line":40,"column":7}},"16":{"start":{"line":41,"column":6},"end":{"line":41,"column":21}},"17":{"start":{"line":42,"column":6},"end":{"line":42,"column":77}},"18":{"start":{"line":42,"column":56},"end":{"line":42,"column":75}},"19":{"start":{"line":44,"column":6},"end":{"line":44,"column":37}},"20":{"start":{"line":45,"column":6},"end":{"line":45,"column":22}},"21":{"start":{"line":46,"column":6},"end":{"line":46,"column":13}},"22":{"start":{"line":49,"column":4},"end":{"line":49,"column":19}},"23":{"start":{"line":51,"column":2},"end":{"line":51,"column":8}},"24":{"start":{"line":55,"column":0},"end":{"line":59,"column":2}},"25":{"start":{"line":56,"column":2},"end":{"line":56,"column":45}},"26":{"start":{"line":57,"column":2},"end":{"line":57,"column":29}},"27":{"start":{"line":58,"column":2},"end":{"line":58,"column":15}},"28":{"start":{"line":60,"column":0},"end":{"line":62,"column":2}},"29":{"start":{"line":61,"column":2},"end":{"line":61,"column":15}}},"fnMap":{"0":{"name":"(anonymous_0)","decl":{"start":{"line":12,"column":15},"end":{"line":12,"column":16}},"loc":{"start":{"line":12,"column":21},"end":{"line":14,"column":1}},"line":12},"1":{"name":"(anonymous_1)","decl":{"start":{"line":17,"column":15},"end":{"line":17,"column":16}},"loc":{"start":{"line":18,"column":2},"end":{"line":23,"column":4}},"line":18},"2":{"name":"(anonymous_2)","decl":{"start":{"line":18,"column":14},"end":{"line":18,"column":15}},"loc":{"start":{"line":18,"column":35},"end":{"line":23,"column":3}},"line":18},"3":{"name":"(anonymous_3)","decl":{"start":{"line":19,"column":22},"end":{"line":19,"column":23}},"loc":{"start":{"line":19,"column":29},"end":{"line":22,"column":5}},"line":19},"4":{"name":"(anonymous_4)","decl":{"start":{"line":25,"column":11},"end":{"line":25,"column":12}},"loc":{"start":{"line":25,"column":25},"end":{"line":52,"column":1}},"line":25},"5":{"name":"clearDB","decl":{"start":{"line":28,"column":11},"end":{"line":28,"column":18}},"loc":{"start":{"line":28,"column":21},"end":{"line":30,"column":3}},"line":28},"6":{"name":"(anonymous_6)","decl":{"start":{"line":29,"column":62},"end":{"line":29,"column":63}},"loc":{"start":{"line":29,"column":67},"end":{"line":29,"column":76}},"line":29},"7":{"name":"(anonymous_7)","decl":{"start":{"line":42,"column":48},"end":{"line":42,"column":49}},"loc":{"start":{"line":42,"column":56},"end":{"line":42,"column":75}},"line":42},"8":{"name":"(anonymous_8)","decl":{"start":{"line":55,"column":10},"end":{"line":55,"column":11}},"loc":{"start":{"line":55,"column":24},"end":{"line":59,"column":1}},"line":55},"9":{"name":"(anonymous_9)","decl":{"start":{"line":60,"column":9},"end":{"line":60,"column":10}},"loc":{"start":{"line":60,"column":17},"end":{"line":62,"column":1}},"line":60}},"branchMap":{"0":{"loc":{"start":{"line":20,"column":6},"end":{"line":20,"column":33}},"type":"if","locations":[{"start":{"line":20,"column":6},"end":{"line":20,"column":33}},{"start":{"line":20,"column":6},"end":{"line":20,"column":33}}],"line":20},"1":{"loc":{"start":{"line":32,"column":2},"end":{"line":50,"column":3}},"type":"if","locations":[{"start":{"line":32,"column":2},"end":{"line":50,"column":3}},{"start":{"line":32,"column":2},"end":{"line":50,"column":3}}],"line":32}},"s":{"0":3,"1":3,"2":4,"3":3,"4":14,"5":14,"6":14,"7":0,"8":14,"9":3,"10":7,"11":7,"12":14,"13":7,"14":7,"15":7,"16":7,"17":7,"18":14,"19":0,"20":0,"21":0,"22":0,"23":7,"24":3,"25":7,"26":7,"27":7,"28":3,"29":3},"f":{"0":4,"1":14,"2":14,"3":14,"4":7,"5":7,"6":14,"7":14,"8":7,"9":3},"b":{"0":[0,14],"1":[7,0]},"_coverageSchema":"332fd63041d2c1bcb487cc26dd0d5f7d97098a6c","hash":"02ec0945a7fe6c14ddcca07bdba0d2f6447022d8"}
,"/Users/terminus/node-graphql/server/src/db/crud.js": {"path":"/Users/terminus/node-graphql/server/src/db/crud.js","statementMap":{"0":{"start":{"line":4,"column":11},"end":{"line":33,"column":1}},"1":{"start":{"line":5,"column":26},"end":{"line":5,"column":47}},"2":{"start":{"line":8,"column":4},"end":{"line":10,"column":13}},"3":{"start":{"line":13,"column":4},"end":{"line":15,"column":13}},"4":{"start":{"line":18,"column":4},"end":{"line":20,"column":13}},"5":{"start":{"line":23,"column":4},"end":{"line":25,"column":13}},"6":{"start":{"line":28,"column":4},"end":{"line":30,"column":13}},"7":{"start":{"line":32,"column":22},"end":{"line":32,"column":39}}},"fnMap":{"0":{"name":"(anonymous_0)","decl":{"start":{"line":5,"column":16},"end":{"line":5,"column":17}},"loc":{"start":{"line":5,"column":26},"end":{"line":5,"column":47}},"line":5},"1":{"name":"(anonymous_1)","decl":{"start":{"line":7,"column":18},"end":{"line":7,"column":19}},"loc":{"start":{"line":8,"column":4},"end":{"line":10,"column":13}},"line":8},"2":{"name":"(anonymous_2)","decl":{"start":{"line":12,"column":21},"end":{"line":12,"column":22}},"loc":{"start":{"line":13,"column":4},"end":{"line":15,"column":13}},"line":13},"3":{"name":"(anonymous_3)","decl":{"start":{"line":17,"column":18},"end":{"line":17,"column":19}},"loc":{"start":{"line":18,"column":4},"end":{"line":20,"column":13}},"line":18},"4":{"name":"(anonymous_4)","decl":{"start":{"line":22,"column":27},"end":{"line":22,"column":28}},"loc":{"start":{"line":23,"column":4},"end":{"line":25,"column":13}},"line":23},"5":{"name":"(anonymous_5)","decl":{"start":{"line":27,"column":20},"end":{"line":27,"column":21}},"loc":{"start":{"line":28,"column":4},"end":{"line":30,"column":13}},"line":28},"6":{"name":"(anonymous_6)","decl":{"start":{"line":32,"column":14},"end":{"line":32,"column":15}},"loc":{"start":{"line":32,"column":22},"end":{"line":32,"column":39}},"line":32}},"branchMap":{},"s":{"0":3,"1":7,"2":1,"3":1,"4":1,"5":1,"6":1,"7":1},"f":{"0":7,"1":1,"2":1,"3":1,"4":1,"5":1,"6":1},"b":{},"_coverageSchema":"332fd63041d2c1bcb487cc26dd0d5f7d97098a6c","hash":"0b538b6702b68296d65d6626ffe9265ec420e5fb"}
,"/Users/terminus/node-graphql/server/src/db/index.js": {"path":"/Users/terminus/node-graphql/server/src/db/index.js","statementMap":{"0":{"start":{"line":1,"column":0},"end":{"line":null,"column":-1}},"1":{"start":{"line":3,"column":16},"end":{"line":3,"column":0}},"2":{"start":{"line":4,"column":2},"end":{"line":null,"column":-1}}},"fnMap":{"0":{"name":"(anonymous_1)","decl":{"start":{"line":3,"column":16},"end":{"line":3,"column":21}},"loc":{"start":{"line":3,"column":22},"end":{"line":3,"column":0}}}},"branchMap":{},"s":{"0":0,"1":0,"2":0},"f":{"0":0},"b":{}}
,"/Users/terminus/node-graphql/server/src/types/animal/animal.model.js": {"path":"/Users/terminus/node-graphql/server/src/types/animal/animal.model.js","statementMap":{"0":{"start":{"line":3,"column":15},"end":{"line":23,"column":1}},"1":{"start":{"line":25,"column":15},"end":{"line":25,"column":47}}},"fnMap":{},"branchMap":{},"s":{"0":3,"1":3},"f":{},"b":{},"_coverageSchema":"332fd63041d2c1bcb487cc26dd0d5f7d97098a6c","hash":"1b3eb58d3c02f6064c6b2bb391adea7f5c351941"}
,"/Users/terminus/node-graphql/server/src/types/animal/animal.resolvers.js": {"path":"/Users/terminus/node-graphql/server/src/types/animal/animal.resolvers.js","statementMap":{"0":{"start":{"line":1,"column":0},"end":{"line":null,"column":-1}},"1":{"start":{"line":3,"column":23},"end":{"line":3,"column":7}},"2":{"start":{"line":3,"column":35},"end":{"line":3,"column":7}},"3":{"start":{"line":5,"column":22},"end":{"line":5,"column":7}},"4":{"start":{"line":5,"column":41},"end":{"line":5,"column":7}},"5":{"start":{"line":7,"column":28},"end":{"line":7,"column":7}},"6":{"start":{"line":7,"column":47},"end":{"line":7,"column":7}},"7":{"start":{"line":9,"column":28},"end":{"line":9,"column":7}},"8":{"start":{"line":9,"column":47},"end":{"line":9,"column":7}},"9":{"start":{"line":11,"column":28},"end":{"line":11,"column":7}},"10":{"start":{"line":11,"column":47},"end":{"line":11,"column":7}},"11":{"start":{"line":25,"column":6},"end":{"line":null,"column":-1}},"12":{"start":{"line":28,"column":6},"end":{"line":null,"column":-1}}},"fnMap":{"0":{"name":"(anonymous_1)","decl":{"start":{"line":3,"column":23},"end":{"line":3,"column":34}},"loc":{"start":{"line":3,"column":35},"end":{"line":3,"column":7}}},"1":{"name":"(anonymous_2)","decl":{"start":{"line":5,"column":22},"end":{"line":5,"column":28}},"loc":{"start":{"line":5,"column":41},"end":{"line":5,"column":7}}},"2":{"name":"(anonymous_3)","decl":{"start":{"line":7,"column":28},"end":{"line":7,"column":34}},"loc":{"start":{"line":7,"column":47},"end":{"line":7,"column":7}}},"3":{"name":"(anonymous_4)","decl":{"start":{"line":9,"column":28},"end":{"line":9,"column":34}},"loc":{"start":{"line":9,"column":47},"end":{"line":9,"column":7}}},"4":{"name":"(anonymous_5)","decl":{"start":{"line":11,"column":28},"end":{"line":11,"column":34}},"loc":{"start":{"line":11,"column":47},"end":{"line":11,"column":7}}}},"branchMap":{},"s":{"0":0,"1":0,"2":0,"3":0,"4":0,"5":0,"6":0,"7":0,"8":0,"9":0,"10":0,"11":0,"12":0},"f":{"0":0,"1":0,"2":0,"3":0,"4":0},"b":{}}
,"/Users/terminus/node-graphql/server/src/types/user/user.model.js": {"path":"/Users/terminus/node-graphql/server/src/types/user/user.model.js","statementMap":{"0":{"start":{"line":4,"column":21},"end":{"line":4,"column":61}},"1":{"start":{"line":6,"column":26},"end":{"line":24,"column":1}},"2":{"start":{"line":26,"column":0},"end":{"line":35,"column":2}},"3":{"start":{"line":27,"column":2},"end":{"line":29,"column":3}},"4":{"start":{"line":28,"column":4},"end":{"line":28,"column":10}},"5":{"start":{"line":31,"column":2},"end":{"line":34,"column":4}},"6":{"start":{"line":32,"column":4},"end":{"line":32,"column":24}},"7":{"start":{"line":33,"column":4},"end":{"line":33,"column":10}},"8":{"start":{"line":37,"column":13},"end":{"line":37,"column":47}}},"fnMap":{"0":{"name":"(anonymous_0)","decl":{"start":{"line":26,"column":23},"end":{"line":26,"column":24}},"loc":{"start":{"line":26,"column":38},"end":{"line":35,"column":1}},"line":26},"1":{"name":"(anonymous_1)","decl":{"start":{"line":31,"column":32},"end":{"line":31,"column":33}},"loc":{"start":{"line":31,"column":47},"end":{"line":34,"column":3}},"line":31}},"branchMap":{"0":{"loc":{"start":{"line":27,"column":2},"end":{"line":29,"column":3}},"type":"if","locations":[{"start":{"line":27,"column":2},"end":{"line":29,"column":3}},{"start":{"line":27,"column":2},"end":{"line":29,"column":3}}],"line":27}},"s":{"0":3,"1":3,"2":3,"3":1,"4":0,"5":1,"6":1,"7":1,"8":3},"f":{"0":1,"1":1},"b":{"0":[0,1]},"_coverageSchema":"332fd63041d2c1bcb487cc26dd0d5f7d97098a6c","hash":"1f45f81e5fbd3b7c22503196d5d5a9b860d62606"}
,"/Users/terminus/node-graphql/server/src/types/user/user.resolvers.js": {"path":"/Users/terminus/node-graphql/server/src/types/user/user.resolvers.js","statementMap":{"0":{"start":{"line":1,"column":0},"end":{"line":null,"column":-1}},"1":{"start":{"line":3,"column":26},"end":{"line":3,"column":7}},"2":{"start":{"line":3,"column":45},"end":{"line":3,"column":7}}},"fnMap":{"0":{"name":"(anonymous_1)","decl":{"start":{"line":3,"column":26},"end":{"line":3,"column":32}},"loc":{"start":{"line":3,"column":45},"end":{"line":3,"column":7}}}},"branchMap":{},"s":{"0":0,"1":0,"2":0},"f":{"0":0},"b":{}}
,"/Users/terminus/node-graphql/server/src/utils/index.js": {"path":"/Users/terminus/node-graphql/server/src/utils/index.js","statementMap":{"0":{"start":{"line":1,"column":0},"end":{"line":null,"column":-1}},"1":{"start":{"line":2,"column":0},"end":{"line":null,"column":-1}},"2":{"start":{"line":4,"column":30},"end":{"line":4,"column":7}},"3":{"start":{"line":5,"column":2},"end":{"line":4,"column":7}},"4":{"start":{"line":6,"column":25},"end":{"line":6,"column":4}},"5":{"start":{"line":7,"column":4},"end":{"line":null,"column":-1}},"6":{"start":{"line":8,"column":6},"end":{"line":10,"column":7}},"7":{"start":{"line":9,"column":8},"end":{"line":null,"column":-1}},"8":{"start":{"line":12,"column":6},"end":{"line":null,"column":-1}}},"fnMap":{"0":{"name":"(anonymous_1)","decl":{"start":{"line":4,"column":30},"end":{"line":4,"column":33}},"loc":{"start":{"line":5,"column":2},"end":{"line":4,"column":7}}},"1":{"name":"(anonymous_2)","decl":{"start":{"line":5,"column":14},"end":{"line":5,"column":15}},"loc":{"start":{"line":5,"column":35},"end":{"line":5,"column":2}}},"2":{"name":"(anonymous_3)","decl":{"start":{"line":7,"column":53},"end":{"line":7,"column":54}},"loc":{"start":{"line":7,"column":70},"end":{"line":7,"column":4}}}},"branchMap":{"0":{"loc":{"start":{"line":8,"column":6},"end":{"line":10,"column":7}},"type":"if","locations":[{"start":{"line":8,"column":6},"end":{"line":10,"column":7}},{"start":{"line":8,"column":6},"end":{"line":10,"column":7}}]}},"s":{"0":0,"1":0,"2":0,"3":0,"4":0,"5":0,"6":0,"7":0,"8":0},"f":{"0":0,"1":0,"2":0},"b":{"0":[0,0]}}
}
