TN:
SF:/Users/terminus/node-graphql/server/src/config.js
FNF:0
FNH:0
DA:1,3
LF:1
LH:1
BRF:0
BRH:0
end_of_record
TN:
SF:/Users/terminus/node-graphql/server/src/index.js
FNF:0
FNH:0
DA:1,0
DA:3,0
LF:2
LH:0
BRF:0
BRH:0
end_of_record
TN:
SF:/Users/terminus/node-graphql/server/src/server.js
FN:11,(anonymous_1)
FNF:1
FNH:0
FNDA:0,(anonymous_1)
DA:1,0
DA:2,0
DA:3,0
DA:4,0
DA:5,0
DA:6,0
DA:7,0
DA:9,0
DA:11,0
DA:12,0
DA:18,0
DA:20,0
DA:25,0
DA:26,0
DA:27,0
LF:15
LH:0
BRF:0
BRH:0
end_of_record
TN:
SF:/Users/terminus/node-graphql/server/src/test-db-config.js
FN:12,(anonymous_0)
FN:17,(anonymous_1)
FN:18,(anonymous_2)
FN:19,(anonymous_3)
FN:25,(anonymous_4)
FN:28,clearDB
FN:29,(anonymous_6)
FN:42,(anonymous_7)
FN:55,(anonymous_8)
FN:60,(anonymous_9)
FNF:10
FNH:10
FNDA:4,(anonymous_0)
FNDA:14,(anonymous_1)
FNDA:14,(anonymous_2)
FNDA:14,(anonymous_3)
FNDA:7,(anonymous_4)
FNDA:7,clearDB
FNDA:14,(anonymous_6)
FNDA:14,(anonymous_7)
FNDA:7,(anonymous_8)
FNDA:3,(anonymous_9)
DA:9,3
DA:12,3
DA:13,4
DA:17,3
DA:18,14
DA:19,14
DA:20,14
DA:21,14
DA:25,3
DA:26,7
DA:29,14
DA:32,7
DA:33,7
DA:34,7
DA:41,7
DA:42,14
DA:44,0
DA:45,0
DA:46,0
DA:49,0
DA:51,7
DA:55,3
DA:56,7
DA:57,7
DA:58,7
DA:60,3
DA:61,3
LF:27
LH:23
BRDA:20,0,0,0
BRDA:20,0,1,14
BRDA:32,1,0,7
BRDA:32,1,1,0
BRF:4
BRH:2
end_of_record
TN:
SF:/Users/terminus/node-graphql/server/src/db/crud.js
FN:5,(anonymous_0)
FN:7,(anonymous_1)
FN:12,(anonymous_2)
FN:17,(anonymous_3)
FN:22,(anonymous_4)
FN:27,(anonymous_5)
FN:32,(anonymous_6)
FNF:7
FNH:7
FNDA:7,(anonymous_0)
FNDA:1,(anonymous_1)
FNDA:1,(anonymous_2)
FNDA:1,(anonymous_3)
FNDA:1,(anonymous_4)
FNDA:1,(anonymous_5)
FNDA:1,(anonymous_6)
DA:4,3
DA:5,7
DA:8,1
DA:13,1
DA:18,1
DA:23,1
DA:28,1
DA:32,1
LF:8
LH:8
BRF:0
BRH:0
end_of_record
TN:
SF:/Users/terminus/node-graphql/server/src/db/index.js
FN:3,(anonymous_1)
FNF:1
FNH:0
FNDA:0,(anonymous_1)
DA:1,0
DA:3,0
DA:4,0
LF:3
LH:0
BRF:0
BRH:0
end_of_record
TN:
SF:/Users/terminus/node-graphql/server/src/types/animal/animal.model.js
FNF:0
FNH:0
DA:3,3
DA:25,3
LF:2
LH:2
BRF:0
BRH:0
end_of_record
TN:
SF:/Users/terminus/node-graphql/server/src/types/animal/animal.resolvers.js
FN:3,(anonymous_1)
FN:5,(anonymous_2)
FN:7,(anonymous_3)
FN:9,(anonymous_4)
FN:11,(anonymous_5)
FNF:5
FNH:0
FNDA:0,(anonymous_1)
FNDA:0,(anonymous_2)
FNDA:0,(anonymous_3)
FNDA:0,(anonymous_4)
FNDA:0,(anonymous_5)
DA:1,0
DA:3,0
DA:5,0
DA:7,0
DA:9,0
DA:11,0
DA:25,0
DA:28,0
LF:8
LH:0
BRF:0
BRH:0
end_of_record
TN:
SF:/Users/terminus/node-graphql/server/src/types/user/user.model.js
FN:26,(anonymous_0)
FN:31,(anonymous_1)
FNF:2
FNH:2
FNDA:1,(anonymous_0)
FNDA:1,(anonymous_1)
DA:4,3
DA:6,3
DA:26,3
DA:27,1
DA:28,0
DA:31,1
DA:32,1
DA:33,1
DA:37,3
LF:9
LH:8
BRDA:27,0,0,0
BRDA:27,0,1,1
BRF:2
BRH:1
end_of_record
TN:
SF:/Users/terminus/node-graphql/server/src/types/user/user.resolvers.js
FN:3,(anonymous_1)
FNF:1
FNH:0
FNDA:0,(anonymous_1)
DA:1,0
DA:3,0
LF:2
LH:0
BRF:0
BRH:0
end_of_record
TN:
SF:/Users/terminus/node-graphql/server/src/utils/index.js
FN:4,(anonymous_1)
FN:5,(anonymous_2)
FN:7,(anonymous_3)
FNF:3
FNH:0
FNDA:0,(anonymous_1)
FNDA:0,(anonymous_2)
FNDA:0,(anonymous_3)
DA:1,0
DA:2,0
DA:4,0
DA:5,0
DA:6,0
DA:7,0
DA:8,0
DA:9,0
DA:12,0
LF:9
LH:0
BRDA:8,0,0,0
BRDA:8,0,1,0
BRF:2
BRH:0
end_of_record
